Dec-12 08:43:43.401 [main] DEBUG nextflow.cli.Launcher - $> nextflow run amr_pipeline2.nf
Dec-12 08:43:43.610 [main] DEBUG nextflow.cli.CmdRun - N E X T F L O W  ~  version 25.10.2
Dec-12 08:43:43.667 [main] DEBUG nextflow.plugin.PluginsFacade - Setting up plugin manager > mode=prod; embedded=false; plugins-dir=/home1/amr31/.nextflow/plugins; core-plugins: nf-amazon@3.4.2,nf-azure@1.20.2,nf-cloudcache@0.5.0,nf-codecommit@0.5.0,nf-console@1.3.0,nf-google@1.23.3,nf-k8s@1.2.2,nf-tower@1.17.3,nf-wave@1.16.1
Dec-12 08:43:43.708 [main] INFO  o.pf4j.DefaultPluginStatusProvider - Enabled plugins: []
Dec-12 08:43:43.709 [main] INFO  o.pf4j.DefaultPluginStatusProvider - Disabled plugins: []
Dec-12 08:43:43.713 [main] INFO  org.pf4j.DefaultPluginManager - PF4J version 3.12.0 in 'deployment' mode
Dec-12 08:43:43.732 [main] DEBUG nextflow.util.RetryConfig - Missing nextflow session - using default retry config
Dec-12 08:43:44.103 [main] INFO  org.pf4j.AbstractPluginManager - No plugins
Dec-12 08:43:44.145 [main] DEBUG nextflow.config.ConfigBuilder - Found config local: /home1/amr31/amr_nextflow_pipeline/nextflow.config
Dec-12 08:43:44.152 [main] DEBUG nextflow.config.ConfigBuilder - Parsing config file: /home1/amr31/amr_nextflow_pipeline/nextflow.config
Dec-12 08:43:44.215 [main] DEBUG nextflow.config.ConfigBuilder - Applying config profile: `standard`
Dec-12 08:43:44.975 [main] DEBUG nextflow.plugin.PluginsFacade - Plugins default=[]
Dec-12 08:43:44.976 [main] DEBUG nextflow.plugin.PluginsFacade - Plugins resolved requirement=[]
Dec-12 08:43:44.993 [main] DEBUG n.secret.LocalSecretsProvider - Secrets store: /home1/amr31/.nextflow/secrets/store.json
Dec-12 08:43:44.996 [main] DEBUG nextflow.secret.SecretsLoader - Discovered secrets providers: [nextflow.secret.LocalSecretsProvider@7e7f3cfd] - activable => nextflow.secret.LocalSecretsProvider@7e7f3cfd
Dec-12 08:43:45.012 [main] DEBUG nextflow.cli.CmdRun - Applied DSL=2 from script declaration
Dec-12 08:43:45.038 [main] DEBUG nextflow.cli.CmdRun - Launching `amr_pipeline2.nf` [scruffy_church] DSL2 - revision: 64df5eb701
Dec-12 08:43:45.095 [main] DEBUG nextflow.Session - Session UUID: b31bf924-8cb9-45c7-aced-07d17bb1bdc2
Dec-12 08:43:45.097 [main] DEBUG nextflow.Session - Run name: scruffy_church
Dec-12 08:43:45.097 [main] DEBUG nextflow.Session - Executor pool size: 64
Dec-12 08:43:45.126 [main] DEBUG nextflow.file.FilePorter - File porter settings maxRetries=3; maxTransfers=50; pollTimeout=null
Dec-12 08:43:45.135 [main] DEBUG nextflow.util.ThreadPoolBuilder - Creating thread pool 'FileTransfer' minSize=10; maxSize=192; workQueue=LinkedBlockingQueue[-1]; allowCoreThreadTimeout=false
Dec-12 08:43:45.177 [main] DEBUG nextflow.cli.CmdRun - 
  Version: 25.10.2 build 10555
  Created: 28-11-2025 19:24 UTC (14:24 EDT)
  System: Linux 6.8.0-87-generic
  Runtime: Groovy 4.0.28 on OpenJDK 64-Bit Server VM 18.0.2+9-61
  Encoding: UTF-8 (UTF-8)
  Process: 1492682@aabn [127.0.1.1]
  CPUs: 64 - Mem: 122.8 GB (5.5 GB) - Swap: 5.4 GB (5.4 GB)
Dec-12 08:43:45.223 [main] DEBUG nextflow.Session - Work-dir: /home1/amr31/amr_nextflow_pipeline/work [ext2/ext3]
Dec-12 08:43:45.223 [main] DEBUG nextflow.Session - Script base path does not exist or is not a directory: /home1/amr31/amr_nextflow_pipeline/bin
Dec-12 08:43:45.234 [main] DEBUG nextflow.executor.ExecutorFactory - Extension executors providers=[]
Dec-12 08:43:45.251 [main] DEBUG nextflow.Session - Observer factory (v2): LinObserverFactory
Dec-12 08:43:45.255 [main] DEBUG nextflow.Session - Observer factory (v2): DefaultObserverFactory
Dec-12 08:43:45.302 [main] DEBUG nextflow.cache.CacheFactory - Using Nextflow cache factory: nextflow.cache.DefaultCacheFactory
Dec-12 08:43:45.315 [main] DEBUG nextflow.util.CustomThreadPool - Creating default thread pool > poolSize: 65; maxThreads: 1000
Dec-12 08:43:45.413 [main] DEBUG nextflow.Session - Session start
Dec-12 08:43:46.146 [main] DEBUG nextflow.script.ScriptRunner - > Launching execution
Dec-12 08:43:46.411 [main] INFO  nextflow.script.BaseScript - AMR Analysis Pipeline
Dec-12 08:43:46.412 [main] INFO  nextflow.script.BaseScript - =====================
Dec-12 08:43:46.413 [main] INFO  nextflow.script.BaseScript - Input directory: /home2/ssyamoako/AMR_FASTQ/Data/*_{R1,R2}.fastq.gz
Dec-12 08:43:46.414 [main] INFO  nextflow.script.BaseScript - Output directory: results
Dec-12 08:43:46.415 [main] INFO  nextflow.script.BaseScript - Threads: 32
Dec-12 08:43:46.415 [main] INFO  nextflow.script.BaseScript - 
Dec-12 08:43:46.436 [main] DEBUG nextflow.executor.ExecutorFactory - << taskConfig executor: local
Dec-12 08:43:46.437 [main] DEBUG nextflow.executor.ExecutorFactory - >> processorType: 'local'
Dec-12 08:43:46.447 [main] DEBUG nextflow.executor.Executor - [warm up] executor > local
Dec-12 08:43:46.456 [main] DEBUG n.processor.LocalPollingMonitor - Creating local task monitor for executor 'local' > cpus=64; memory=122.8 GB; capacity=64; pollInterval=100ms; dumpInterval=5m
Dec-12 08:43:46.458 [main] DEBUG n.processor.TaskPollingMonitor - >>> barrier register (monitor: local)
Dec-12 08:43:46.484 [main] DEBUG nextflow.processor.TaskProcessor - Creating process 'initial_fastqc': maxForks=0; fair=false; array=0
Dec-12 08:43:46.533 [main] DEBUG nextflow.executor.ExecutorFactory - << taskConfig executor: local
Dec-12 08:43:46.533 [main] DEBUG nextflow.executor.ExecutorFactory - >> processorType: 'local'
Dec-12 08:43:46.535 [main] DEBUG nextflow.processor.TaskProcessor - Creating process 'fastp_trimming': maxForks=0; fair=false; array=0
Dec-12 08:43:46.542 [main] DEBUG nextflow.executor.ExecutorFactory - << taskConfig executor: local
Dec-12 08:43:46.542 [main] DEBUG nextflow.executor.ExecutorFactory - >> processorType: 'local'
Dec-12 08:43:46.543 [main] DEBUG nextflow.processor.TaskProcessor - Creating process 'spades_assembly': maxForks=0; fair=false; array=0
Dec-12 08:43:46.549 [main] DEBUG nextflow.executor.ExecutorFactory - << taskConfig executor: local
Dec-12 08:43:46.549 [main] DEBUG nextflow.executor.ExecutorFactory - >> processorType: 'local'
Dec-12 08:43:46.550 [main] DEBUG nextflow.processor.TaskProcessor - Creating process 'copy_contigs': maxForks=0; fair=false; array=0
Dec-12 08:43:46.567 [main] DEBUG nextflow.executor.ExecutorFactory - << taskConfig executor: local
Dec-12 08:43:46.567 [main] DEBUG nextflow.executor.ExecutorFactory - >> processorType: 'local'
Dec-12 08:43:46.572 [main] DEBUG nextflow.processor.TaskProcessor - Creating process 'quast_analysis': maxForks=0; fair=false; array=0
Dec-12 08:43:46.591 [main] DEBUG nextflow.executor.ExecutorFactory - << taskConfig executor: local
Dec-12 08:43:46.592 [main] DEBUG nextflow.executor.ExecutorFactory - >> processorType: 'local'
Dec-12 08:43:46.593 [main] DEBUG nextflow.processor.TaskProcessor - Creating process 'staramr_analysis': maxForks=0; fair=false; array=0
Dec-12 08:43:46.609 [main] DEBUG nextflow.Session - Workflow process names [dsl2]: initial_fastqc, copy_contigs, fastp_trimming, spades_assembly, staramr_analysis, quast_analysis
Dec-12 08:43:46.614 [main] DEBUG nextflow.Session - Igniting dataflow network (7)
Dec-12 08:43:46.620 [PathVisitor-1] DEBUG nextflow.file.PathVisitor - files for syntax: glob; folder: /home2/ssyamoako/AMR_FASTQ/Data/; pattern: *_{R1,R2}.fastq.gz; options: [:]
Dec-12 08:43:46.620 [main] DEBUG nextflow.processor.TaskProcessor - Starting process > initial_fastqc
Dec-12 08:43:46.620 [main] DEBUG nextflow.processor.TaskProcessor - Starting process > fastp_trimming
Dec-12 08:43:46.621 [main] DEBUG nextflow.processor.TaskProcessor - Starting process > spades_assembly
Dec-12 08:43:46.622 [main] DEBUG nextflow.processor.TaskProcessor - Starting process > copy_contigs
Dec-12 08:43:46.622 [main] DEBUG nextflow.processor.TaskProcessor - Starting process > quast_analysis
Dec-12 08:43:46.622 [main] DEBUG nextflow.processor.TaskProcessor - Starting process > staramr_analysis
Dec-12 08:43:46.623 [main] DEBUG nextflow.script.ScriptRunner - Parsed script files:
  Script_aa4356d40a46a5d0: /home1/amr31/amr_nextflow_pipeline/amr_pipeline2.nf
Dec-12 08:43:46.623 [main] DEBUG nextflow.script.ScriptRunner - > Awaiting termination 
Dec-12 08:43:46.623 [main] DEBUG nextflow.Session - Session await
Dec-12 08:43:46.628 [PathVisitor-1] ERROR nextflow.Channel - /home2/ssyamoako/AMR_FASTQ/Data
java.nio.file.AccessDeniedException: /home2/ssyamoako/AMR_FASTQ/Data
	at java.base/sun.nio.fs.UnixException.translateToIOException(UnixException.java:90)
	at java.base/sun.nio.fs.UnixException.rethrowAsIOException(UnixException.java:106)
	at java.base/sun.nio.fs.UnixException.rethrowAsIOException(UnixException.java:111)
	at java.base/sun.nio.fs.UnixFileAttributeViews$Basic.readAttributes(UnixFileAttributeViews.java:55)
	at java.base/sun.nio.fs.UnixFileSystemProvider.readAttributes(UnixFileSystemProvider.java:148)
	at java.base/sun.nio.fs.LinuxFileSystemProvider.readAttributes(LinuxFileSystemProvider.java:99)
	at java.base/java.nio.file.Files.readAttributes(Files.java:1851)
	at java.base/java.nio.file.FileTreeWalker.getAttributes(FileTreeWalker.java:226)
	at java.base/java.nio.file.FileTreeWalker.visit(FileTreeWalker.java:277)
	at java.base/java.nio.file.FileTreeWalker.walk(FileTreeWalker.java:323)
	at java.base/java.nio.file.Files.walkFileTree(Files.java:2805)
	at nextflow.file.FileHelper.visitFiles(FileHelper.groovy:865)
	at nextflow.file.PathVisitor.pathImpl(PathVisitor.groovy:163)
	at nextflow.file.PathVisitor.applyGlobPattern0(PathVisitor.groovy:131)
	at nextflow.file.PathVisitor.apply(PathVisitor.groovy:69)
	at nextflow.file.PathVisitor$_applyAsync_closure1.doCall(PathVisitor.groovy:78)
	at nextflow.file.PathVisitor$_applyAsync_closure1.call(PathVisitor.groovy)
	at groovy.lang.Closure.run(Closure.java:505)
	at java.base/java.util.concurrent.CompletableFuture$UniRun.tryFire(CompletableFuture.java:787)
	at java.base/java.util.concurrent.CompletableFuture$Completion.run(CompletableFuture.java:482)
	at java.base/java.util.concurrent.ThreadPoolExecutor.runWorker(ThreadPoolExecutor.java:1136)
	at java.base/java.util.concurrent.ThreadPoolExecutor$Worker.run(ThreadPoolExecutor.java:635)
	at java.base/java.lang.Thread.run(Thread.java:833)
Dec-12 08:43:46.643 [main] DEBUG nextflow.Session - Session await > all processes finished
Dec-12 08:43:46.690 [PathVisitor-1] DEBUG nextflow.Session - Session aborted -- Cause: /home2/ssyamoako/AMR_FASTQ/Data
Dec-12 08:43:46.723 [PathVisitor-1] DEBUG n.trace.WorkflowStatsObserver - Workflow completed > WorkflowStats[succeededCount=0; failedCount=0; ignoredCount=0; cachedCount=0; pendingCount=0; submittedCount=0; runningCount=0; retriesCount=0; abortedCount=0; succeedDuration=0ms; failedDuration=0ms; cachedDuration=0ms;loadCpus=0; loadMemory=0; peakRunning=0; peakCpus=0; peakMemory=0; ]
Dec-12 08:43:46.765 [Task monitor] DEBUG n.processor.TaskPollingMonitor - <<< barrier arrives (monitor: local) - terminating tasks monitor poll loop
Dec-12 08:43:46.770 [main] DEBUG nextflow.Session - Session await > all barriers passed
Dec-12 08:43:46.770 [main] DEBUG n.trace.WorkflowStatsObserver - Workflow completed > WorkflowStats[succeededCount=0; failedCount=0; ignoredCount=0; cachedCount=0; pendingCount=0; submittedCount=0; runningCount=0; retriesCount=0; abortedCount=0; succeedDuration=0ms; failedDuration=0ms; cachedDuration=0ms;loadCpus=0; loadMemory=0; peakRunning=0; peakCpus=0; peakMemory=0; ]
Dec-12 08:43:46.905 [main] DEBUG nextflow.cache.CacheDB - Closing CacheDB done
Dec-12 08:43:46.927 [main] DEBUG nextflow.script.ScriptRunner - > Execution complete -- Goodbye
